d:\study\ptit\c++\rewardwalletsystem_ptitsemester3\rewardwa.c0589e9a\x64\debug\vc143.pdb
d:\study\ptit\c++\rewardwalletsystem_ptitsemester3\rewardwa.c0589e9a\x64\debug\vc143.idb
d:\study\ptit\c++\rewardwalletsystem_ptitsemester3\rewardwa.c0589e9a\x64\debug\wallet.obj
d:\study\ptit\c++\rewardwalletsystem_ptitsemester3\rewardwa.c0589e9a\x64\debug\sha256.obj
d:\study\ptit\c++\rewardwalletsystem_ptitsemester3\rewardwa.c0589e9a\x64\debug\useraccount.obj
d:\study\ptit\c++\rewardwalletsystem_ptitsemester3\rewardwa.c0589e9a\x64\debug\transaction.obj
d:\study\ptit\c++\rewardwalletsystem_ptitsemester3\rewardwa.c0589e9a\x64\debug\systemmanager.obj
d:\study\ptit\c++\rewardwalletsystem_ptitsemester3\rewardwa.c0589e9a\x64\debug\otpmanager.obj
d:\study\ptit\c++\rewardwalletsystem_ptitsemester3\rewardwa.c0589e9a\x64\debug\main.obj
d:\study\ptit\c++\rewardwalletsystem_ptitsemester3\rewardwa.c0589e9a\x64\debug\filemanager.obj
d:\study\ptit\c++\rewardwalletsystem_ptitsemester3\x64\debug\rewardwalletsystem_ptitsemester3.exe
d:\study\ptit\c++\rewardwalletsystem_ptitsemester3\x64\debug\rewardwalletsystem_ptitsemester3.pdb
d:\study\ptit\c++\rewardwalletsystem_ptitsemester3\rewardwa.c0589e9a\x64\debug\rewardwalletsystem_ptitsemester3.ilk
d:\study\ptit\c++\rewardwalletsystem_ptitsemester3\rewardwa.c0589e9a\x64\debug\rewardwa.c0589e9a.tlog\cl.command.1.tlog
d:\study\ptit\c++\rewardwalletsystem_ptitsemester3\rewardwa.c0589e9a\x64\debug\rewardwa.c0589e9a.tlog\cl.items.tlog
d:\study\ptit\c++\rewardwalletsystem_ptitsemester3\rewardwa.c0589e9a\x64\debug\rewardwa.c0589e9a.tlog\cl.read.1.tlog
d:\study\ptit\c++\rewardwalletsystem_ptitsemester3\rewardwa.c0589e9a\x64\debug\rewardwa.c0589e9a.tlog\cl.write.1.tlog
d:\study\ptit\c++\rewardwalletsystem_ptitsemester3\rewardwa.c0589e9a\x64\debug\rewardwa.c0589e9a.tlog\link.command.1.tlog
d:\study\ptit\c++\rewardwalletsystem_ptitsemester3\rewardwa.c0589e9a\x64\debug\rewardwa.c0589e9a.tlog\link.read.1.tlog
d:\study\ptit\c++\rewardwalletsystem_ptitsemester3\rewardwa.c0589e9a\x64\debug\rewardwa.c0589e9a.tlog\link.secondary.1.tlog
d:\study\ptit\c++\rewardwalletsystem_ptitsemester3\rewardwa.c0589e9a\x64\debug\rewardwa.c0589e9a.tlog\link.write.1.tlog
